18:47:29 **** Build of project proc_test_bsp ****
make -k all 
"Running Make include in ps7_cortexa9_0/libsrc/clk_wiz_v1_2/src"
make -C ps7_cortexa9_0/libsrc/clk_wiz_v1_2/src -s include  "SHELL=CMD" "COMPILER=arm-none-eabi-gcc" "ARCHIVER=arm-none-eabi-ar" "COMPILER_FLAGS=  -O2 -c" "EXTRA_COMPILER_FLAGS=-mcpu=cortex-a9 -mfpu=vfpv3 -mfloat-abi=hard -nostartfiles -g -Wall -Wextra"
"Running Make include in ps7_cortexa9_0/libsrc/coresightps_dcc_v1_4/src"
make -C ps7_cortexa9_0/libsrc/coresightps_dcc_v1_4/src -s include  "SHELL=CMD" "COMPILER=arm-none-eabi-gcc" "ARCHIVER=arm-none-eabi-ar" "COMPILER_FLAGS=  -O2 -c" "EXTRA_COMPILER_FLAGS=-mcpu=cortex-a9 -mfpu=vfpv3 -mfloat-abi=hard -nostartfiles -g -Wall -Wextra"
"Running Make include in ps7_cortexa9_0/libsrc/cpu_cortexa9_v2_6/src"
make -C ps7_cortexa9_0/libsrc/cpu_cortexa9_v2_6/src -s include  "SHELL=CMD" "COMPILER=arm-none-eabi-gcc" "ARCHIVER=arm-none-eabi-ar" "COMPILER_FLAGS=  -O2 -c" "EXTRA_COMPILER_FLAGS=-mcpu=cortex-a9 -mfpu=vfpv3 -mfloat-abi=hard -nostartfiles -g -Wall -Wextra"
"Running Make include in ps7_cortexa9_0/libsrc/ddrps_v1_0/src"
make -C ps7_cortexa9_0/libsrc/ddrps_v1_0/src -s include  "SHELL=CMD" "COMPILER=arm-none-eabi-gcc" "ARCHIVER=arm-none-eabi-ar" "COMPILER_FLAGS=  -O2 -c" "EXTRA_COMPILER_FLAGS=-mcpu=cortex-a9 -mfpu=vfpv3 -mfloat-abi=hard -nostartfiles -g -Wall -Wextra"
"Running Make include in ps7_cortexa9_0/libsrc/devcfg_v3_5/src"
make -C ps7_cortexa9_0/libsrc/devcfg_v3_5/src -s include  "SHELL=CMD" "COMPILER=arm-none-eabi-gcc" "ARCHIVER=arm-none-eabi-ar" "COMPILER_FLAGS=  -O2 -c" "EXTRA_COMPILER_FLAGS=-mcpu=cortex-a9 -mfpu=vfpv3 -mfloat-abi=hard -nostartfiles -g -Wall -Wextra"
"Running Make include in ps7_cortexa9_0/libsrc/dmaps_v2_3/src"
make -C ps7_cortexa9_0/libsrc/dmaps_v2_3/src -s include  "SHELL=CMD" "COMPILER=arm-none-eabi-gcc" "ARCHIVER=arm-none-eabi-ar" "COMPILER_FLAGS=  -O2 -c" "EXTRA_COMPILER_FLAGS=-mcpu=cortex-a9 -mfpu=vfpv3 -mfloat-abi=hard -nostartfiles -g -Wall -Wextra"
"Running Make include in ps7_cortexa9_0/libsrc/emacps_v3_7/src"
make -C ps7_cortexa9_0/libsrc/emacps_v3_7/src -s include  "SHELL=CMD" "COMPILER=arm-none-eabi-gcc" "ARCHIVER=arm-none-eabi-ar" "COMPILER_FLAGS=  -O2 -c" "EXTRA_COMPILER_FLAGS=-mcpu=cortex-a9 -mfpu=vfpv3 -mfloat-abi=hard -nostartfiles -g -Wall -Wextra"
"Running Make include in ps7_cortexa9_0/libsrc/gpio_v4_3/src"
make -C ps7_cortexa9_0/libsrc/gpio_v4_3/src -s include  "SHELL=CMD" "COMPILER=arm-none-eabi-gcc" "ARCHIVER=arm-none-eabi-ar" "COMPILER_FLAGS=  -O2 -c" "EXTRA_COMPILER_FLAGS=-mcpu=cortex-a9 -mfpu=vfpv3 -mfloat-abi=hard -nostartfiles -g -Wall -Wextra"
"Running Make include in ps7_cortexa9_0/libsrc/gpiops_v3_3/src"
make -C ps7_cortexa9_0/libsrc/gpiops_v3_3/src -s include  "SHELL=CMD" "COMPILER=arm-none-eabi-gcc" "ARCHIVER=arm-none-eabi-ar" "COMPILER_FLAGS=  -O2 -c" "EXTRA_COMPILER_FLAGS=-mcpu=cortex-a9 -mfpu=vfpv3 -mfloat-abi=hard -nostartfiles -g -Wall -Wextra"
"Running Make include in ps7_cortexa9_0/libsrc/qspips_v3_4/src"
make -C ps7_cortexa9_0/libsrc/qspips_v3_4/src -s include  "SHELL=CMD" "COMPILER=arm-none-eabi-gcc" "ARCHIVER=arm-none-eabi-ar" "COMPILER_FLAGS=  -O2 -c" "EXTRA_COMPILER_FLAGS=-mcpu=cortex-a9 -mfpu=vfpv3 -mfloat-abi=hard -nostartfiles -g -Wall -Wextra"
"Running Make include in ps7_cortexa9_0/libsrc/scugic_v3_9/src"
make -C ps7_cortexa9_0/libsrc/scugic_v3_9/src -s include  "SHELL=CMD" "COMPILER=arm-none-eabi-gcc" "ARCHIVER=arm-none-eabi-ar" "COMPILER_FLAGS=  -O2 -c" "EXTRA_COMPILER_FLAGS=-mcpu=cortex-a9 -mfpu=vfpv3 -mfloat-abi=hard -nostartfiles -g -Wall -Wextra"
"Running Make include in ps7_cortexa9_0/libsrc/scutimer_v2_1/src"
make -C ps7_cortexa9_0/libsrc/scutimer_v2_1/src -s include  "SHELL=CMD" "COMPILER=arm-none-eabi-gcc" "ARCHIVER=arm-none-eabi-ar" "COMPILER_FLAGS=  -O2 -c" "EXTRA_COMPILER_FLAGS=-mcpu=cortex-a9 -mfpu=vfpv3 -mfloat-abi=hard -nostartfiles -g -Wall -Wextra"
"Running Make include in ps7_cortexa9_0/libsrc/scuwdt_v2_1/src"
make -C ps7_cortexa9_0/libsrc/scuwdt_v2_1/src -s include  "SHELL=CMD" "COMPILER=arm-none-eabi-gcc" "ARCHIVER=arm-none-eabi-ar" "COMPILER_FLAGS=  -O2 -c" "EXTRA_COMPILER_FLAGS=-mcpu=cortex-a9 -mfpu=vfpv3 -mfloat-abi=hard -nostartfiles -g -Wall -Wextra"
"Running Make include in ps7_cortexa9_0/libsrc/sdps_v3_5/src"
make -C ps7_cortexa9_0/libsrc/sdps_v3_5/src -s include  "SHELL=CMD" "COMPILER=arm-none-eabi-gcc" "ARCHIVER=arm-none-eabi-ar" "COMPILER_FLAGS=  -O2 -c" "EXTRA_COMPILER_FLAGS=-mcpu=cortex-a9 -mfpu=vfpv3 -mfloat-abi=hard -nostartfiles -g -Wall -Wextra"
"Running Make include in ps7_cortexa9_0/libsrc/standalone_v6_7/src"
make -C ps7_cortexa9_0/libsrc/standalone_v6_7/src -s include  "SHELL=CMD" "COMPILER=arm-none-eabi-gcc" "ARCHIVER=arm-none-eabi-ar" "COMPILER_FLAGS=  -O2 -c" "EXTRA_COMPILER_FLAGS=-mcpu=cortex-a9 -mfpu=vfpv3 -mfloat-abi=hard -nostartfiles -g -Wall -Wextra"
"Running Make include in ps7_cortexa9_0/libsrc/uartps_v3_6/src"
make -C ps7_cortexa9_0/libsrc/uartps_v3_6/src -s include  "SHELL=CMD" "COMPILER=arm-none-eabi-gcc" "ARCHIVER=arm-none-eabi-ar" "COMPILER_FLAGS=  -O2 -c" "EXTRA_COMPILER_FLAGS=-mcpu=cortex-a9 -mfpu=vfpv3 -mfloat-abi=hard -nostartfiles -g -Wall -Wextra"
"Running Make include in ps7_cortexa9_0/libsrc/usbps_v2_4/src"
make -C ps7_cortexa9_0/libsrc/usbps_v2_4/src -s include  "SHELL=CMD" "COMPILER=arm-none-eabi-gcc" "ARCHIVER=arm-none-eabi-ar" "COMPILER_FLAGS=  -O2 -c" "EXTRA_COMPILER_FLAGS=-mcpu=cortex-a9 -mfpu=vfpv3 -mfloat-abi=hard -nostartfiles -g -Wall -Wextra"
"Running Make include in ps7_cortexa9_0/libsrc/xadcps_v2_2/src"
make -C ps7_cortexa9_0/libsrc/xadcps_v2_2/src -s include  "SHELL=CMD" "COMPILER=arm-none-eabi-gcc" "ARCHIVER=arm-none-eabi-ar" "COMPILER_FLAGS=  -O2 -c" "EXTRA_COMPILER_FLAGS=-mcpu=cortex-a9 -mfpu=vfpv3 -mfloat-abi=hard -nostartfiles -g -Wall -Wextra"
"Running Make libs in ps7_cortexa9_0/libsrc/clk_wiz_v1_2/src"
make -C ps7_cortexa9_0/libsrc/clk_wiz_v1_2/src -s libs  "SHELL=CMD" "COMPILER=arm-none-eabi-gcc" "ARCHIVER=arm-none-eabi-ar" "COMPILER_FLAGS=  -O2 -c" "EXTRA_COMPILER_FLAGS=-mcpu=cortex-a9 -mfpu=vfpv3 -mfloat-abi=hard -nostartfiles -g -Wall -Wextra"
"Compiling Clkocking Wizard"
xclk_wiz_intr.c: In function 'XClk_Wiz_SetCallBack':
xclk_wiz_intr.c:246:28: warning: this statement may fall through [-Wimplicit-fallthrough=]
    InstancePtr->ClkStopRef = CallBackRef;
    ~~~~~~~~~~~~~~~~~~~~~~~~^~~~~~~~~~~~~
xclk_wiz_intr.c:247:3: note: here
   case XCLK_WIZ_HANDLER_CLK_OTHER_ERROR:
   ^~~~
arm-none-eabi-ar: creating ../../../lib/libxil.a
"Running Make libs in ps7_cortexa9_0/libsrc/coresightps_dcc_v1_4/src"
make -C ps7_cortexa9_0/libsrc/coresightps_dcc_v1_4/src -s libs  "SHELL=CMD" "COMPILER=arm-none-eabi-gcc" "ARCHIVER=arm-none-eabi-ar" "COMPILER_FLAGS=  -O2 -c" "EXTRA_COMPILER_FLAGS=-mcpu=cortex-a9 -mfpu=vfpv3 -mfloat-abi=hard -nostartfiles -g -Wall -Wextra"
"Compiling coresightps_dcc"
"Running Make libs in ps7_cortexa9_0/libsrc/cpu_cortexa9_v2_6/src"
make -C ps7_cortexa9_0/libsrc/cpu_cortexa9_v2_6/src -s libs  "SHELL=CMD" "COMPILER=arm-none-eabi-gcc" "ARCHIVER=arm-none-eabi-ar" "COMPILER_FLAGS=  -O2 -c" "EXTRA_COMPILER_FLAGS=-mcpu=cortex-a9 -mfpu=vfpv3 -mfloat-abi=hard -nostartfiles -g -Wall -Wextra"
"Compiling cpu_cortexa9"
"Running Make libs in ps7_cortexa9_0/libsrc/ddrps_v1_0/src"
make -C ps7_cortexa9_0/libsrc/ddrps_v1_0/src -s libs  "SHELL=CMD" "COMPILER=arm-none-eabi-gcc" "ARCHIVER=arm-none-eabi-ar" "COMPILER_FLAGS=  -O2 -c" "EXTRA_COMPILER_FLAGS=-mcpu=cortex-a9 -mfpu=vfpv3 -mfloat-abi=hard -nostartfiles -g -Wall -Wextra"
"Compiling ddrps"
"Running Make libs in ps7_cortexa9_0/libsrc/devcfg_v3_5/src"
make -C ps7_cortexa9_0/libsrc/devcfg_v3_5/src -s libs  "SHELL=CMD" "COMPILER=arm-none-eabi-gcc" "ARCHIVER=arm-none-eabi-ar" "COMPILER_FLAGS=  -O2 -c" "EXTRA_COMPILER_FLAGS=-mcpu=cortex-a9 -mfpu=vfpv3 -mfloat-abi=hard -nostartfiles -g -Wall -Wextra"
"Compiling devcfg"
"Running Make libs in ps7_cortexa9_0/libsrc/dmaps_v2_3/src"
make -C ps7_cortexa9_0/libsrc/dmaps_v2_3/src -s libs  "SHELL=CMD" "COMPILER=arm-none-eabi-gcc" "ARCHIVER=arm-none-eabi-ar" "COMPILER_FLAGS=  -O2 -c" "EXTRA_COMPILER_FLAGS=-mcpu=cortex-a9 -mfpu=vfpv3 -mfloat-abi=hard -nostartfiles -g -Wall -Wextra"
"Compiling dmaps"
"Running Make libs in ps7_cortexa9_0/libsrc/emacps_v3_7/src"
make -C ps7_cortexa9_0/libsrc/emacps_v3_7/src -s libs  "SHELL=CMD" "COMPILER=arm-none-eabi-gcc" "ARCHIVER=arm-none-eabi-ar" "COMPILER_FLAGS=  -O2 -c" "EXTRA_COMPILER_FLAGS=-mcpu=cortex-a9 -mfpu=vfpv3 -mfloat-abi=hard -nostartfiles -g -Wall -Wextra"
"Compiling emacps"
"Running Make libs in ps7_cortexa9_0/libsrc/gpio_v4_3/src"
make -C ps7_cortexa9_0/libsrc/gpio_v4_3/src -s libs  "SHELL=CMD" "COMPILER=arm-none-eabi-gcc" "ARCHIVER=arm-none-eabi-ar" "COMPILER_FLAGS=  -O2 -c" "EXTRA_COMPILER_FLAGS=-mcpu=cortex-a9 -mfpu=vfpv3 -mfloat-abi=hard -nostartfiles -g -Wall -Wextra"
"Compiling gpio"
"Running Make libs in ps7_cortexa9_0/libsrc/gpiops_v3_3/src"
make -C ps7_cortexa9_0/libsrc/gpiops_v3_3/src -s libs  "SHELL=CMD" "COMPILER=arm-none-eabi-gcc" "ARCHIVER=arm-none-eabi-ar" "COMPILER_FLAGS=  -O2 -c" "EXTRA_COMPILER_FLAGS=-mcpu=cortex-a9 -mfpu=vfpv3 -mfloat-abi=hard -nostartfiles -g -Wall -Wextra"
"Compiling gpiops"
"Running Make libs in ps7_cortexa9_0/libsrc/qspips_v3_4/src"
make -C ps7_cortexa9_0/libsrc/qspips_v3_4/src -s libs  "SHELL=CMD" "COMPILER=arm-none-eabi-gcc" "ARCHIVER=arm-none-eabi-ar" "COMPILER_FLAGS=  -O2 -c" "EXTRA_COMPILER_FLAGS=-mcpu=cortex-a9 -mfpu=vfpv3 -mfloat-abi=hard -nostartfiles -g -Wall -Wextra"
"Compiling qspips"
"Running Make libs in ps7_cortexa9_0/libsrc/scugic_v3_9/src"
make -C ps7_cortexa9_0/libsrc/scugic_v3_9/src -s libs  "SHELL=CMD" "COMPILER=arm-none-eabi-gcc" "ARCHIVER=arm-none-eabi-ar" "COMPILER_FLAGS=  -O2 -c" "EXTRA_COMPILER_FLAGS=-mcpu=cortex-a9 -mfpu=vfpv3 -mfloat-abi=hard -nostartfiles -g -Wall -Wextra"
"Compiling scugic"
"Running Make libs in ps7_cortexa9_0/libsrc/scutimer_v2_1/src"
make -C ps7_cortexa9_0/libsrc/scutimer_v2_1/src -s libs  "SHELL=CMD" "COMPILER=arm-none-eabi-gcc" "ARCHIVER=arm-none-eabi-ar" "COMPILER_FLAGS=  -O2 -c" "EXTRA_COMPILER_FLAGS=-mcpu=cortex-a9 -mfpu=vfpv3 -mfloat-abi=hard -nostartfiles -g -Wall -Wextra"
"Compiling scutimer"
"Running Make libs in ps7_cortexa9_0/libsrc/scuwdt_v2_1/src"
make -C ps7_cortexa9_0/libsrc/scuwdt_v2_1/src -s libs  "SHELL=CMD" "COMPILER=arm-none-eabi-gcc" "ARCHIVER=arm-none-eabi-ar" "COMPILER_FLAGS=  -O2 -c" "EXTRA_COMPILER_FLAGS=-mcpu=cortex-a9 -mfpu=vfpv3 -mfloat-abi=hard -nostartfiles -g -Wall -Wextra"
"Compiling scuwdt"
"Running Make libs in ps7_cortexa9_0/libsrc/sdps_v3_5/src"
make -C ps7_cortexa9_0/libsrc/sdps_v3_5/src -s libs  "SHELL=CMD" "COMPILER=arm-none-eabi-gcc" "ARCHIVER=arm-none-eabi-ar" "COMPILER_FLAGS=  -O2 -c" "EXTRA_COMPILER_FLAGS=-mcpu=cortex-a9 -mfpu=vfpv3 -mfloat-abi=hard -nostartfiles -g -Wall -Wextra"
"Compiling sdps"
"Running Make libs in ps7_cortexa9_0/libsrc/standalone_v6_7/src"
make -C ps7_cortexa9_0/libsrc/standalone_v6_7/src -s libs  "SHELL=CMD" "COMPILER=arm-none-eabi-gcc" "ARCHIVER=arm-none-eabi-ar" "COMPILER_FLAGS=  -O2 -c" "EXTRA_COMPILER_FLAGS=-mcpu=cortex-a9 -mfpu=vfpv3 -mfloat-abi=hard -nostartfiles -g -Wall -Wextra"
"Compiling standalone"
In file included from sleep.c:57:0:
xtime_l.h:89:9: note: #pragma message: For the sleep routines, Global timer is being used
 #pragma message ("For the sleep routines, Global timer is being used")
         ^~~~~~~
In file included from usleep.c:60:0:
xtime_l.h:89:9: note: #pragma message: For the sleep routines, Global timer is being used
 #pragma message ("For the sleep routines, Global timer is being used")
         ^~~~~~~
In file included from xil_sleeptimer.c:55:0:
xtime_l.h:89:9: note: #pragma message: For the sleep routines, Global timer is being used
 #pragma message ("For the sleep routines, Global timer is being used")
         ^~~~~~~
In file included from xtime_l.c:53:0:
xtime_l.h:89:9: note: #pragma message: For the sleep routines, Global timer is being used
 #pragma message ("For the sleep routines, Global timer is being used")
         ^~~~~~~
"Running Make libs in ps7_cortexa9_0/libsrc/uartps_v3_6/src"
make -C ps7_cortexa9_0/libsrc/uartps_v3_6/src -s libs  "SHELL=CMD" "COMPILER=arm-none-eabi-gcc" "ARCHIVER=arm-none-eabi-ar" "COMPILER_FLAGS=  -O2 -c" "EXTRA_COMPILER_FLAGS=-mcpu=cortex-a9 -mfpu=vfpv3 -mfloat-abi=hard -nostartfiles -g -Wall -Wextra"
"Compiling uartps"
"Running Make libs in ps7_cortexa9_0/libsrc/usbps_v2_4/src"
make -C ps7_cortexa9_0/libsrc/usbps_v2_4/src -s libs  "SHELL=CMD" "COMPILER=arm-none-eabi-gcc" "ARCHIVER=arm-none-eabi-ar" "COMPILER_FLAGS=  -O2 -c" "EXTRA_COMPILER_FLAGS=-mcpu=cortex-a9 -mfpu=vfpv3 -mfloat-abi=hard -nostartfiles -g -Wall -Wextra"
"Compiling usbps"
"Running Make libs in ps7_cortexa9_0/libsrc/xadcps_v2_2/src"
make -C ps7_cortexa9_0/libsrc/xadcps_v2_2/src -s libs  "SHELL=CMD" "COMPILER=arm-none-eabi-gcc" "ARCHIVER=arm-none-eabi-ar" "COMPILER_FLAGS=  -O2 -c" "EXTRA_COMPILER_FLAGS=-mcpu=cortex-a9 -mfpu=vfpv3 -mfloat-abi=hard -nostartfiles -g -Wall -Wextra"
"Compiling xadcps"
'Finished building libraries'

**** Build of configuration Debug for project proc_test ****

Nothing to build for project proc_test
18:49:31 **** Auto Build of configuration Debug for project proc_test ****
make pre-build main-build 
a9-linaro-pre-build-step
' '
'Building file: ../src/LED_test_new.c'
'Invoking: ARM v7 gcc compiler'
arm-none-eabi-gcc -Wall -O0 -g3 -c -fmessage-length=0 -MT"src/LED_test_new.o" -mcpu=cortex-a9 -mfpu=vfpv3 -mfloat-abi=hard -I../../proc_test_bsp/ps7_cortexa9_0/include -MMD -MP -MF"src/LED_test_new.d" -MT"src/LED_test_new.o" -o "src/LED_test_new.o" "../src/LED_test_new.c"
In file included from ../../proc_test_bsp/ps7_cortexa9_0/include/xgpio.h:135:0,
                 from ../src/LED_test_new.c:34:
../src/LED_test_new.c: In function 'LEDsInOut':
../../proc_test_bsp/ps7_cortexa9_0/include/xstatus.h:65:41: warning: 'return' with a value, in function returning void
 #define XST_FAILURE                     1L
                                         ^
../src/LED_test_new.c:63:11: note: in expansion of macro 'XST_FAILURE'
    return XST_FAILURE;
           ^~~~~~~~~~~
../src/LED_test_new.c:52:6: note: declared here
 void LEDsInOut()
      ^~~~~~~~~
In file included from ../../proc_test_bsp/ps7_cortexa9_0/include/xgpio.h:135:0,
                 from ../src/LED_test_new.c:34:
../src/LED_test_new.c: In function 'BTNsInOut':
../../proc_test_bsp/ps7_cortexa9_0/include/xstatus.h:65:41: warning: 'return' with a value, in function returning void
 #define XST_FAILURE                     1L
                                         ^
../src/LED_test_new.c:87:11: note: in expansion of macro 'XST_FAILURE'
    return XST_FAILURE;
           ^~~~~~~~~~~
../src/LED_test_new.c:77:6: note: declared here
 void BTNsInOut()
      ^~~~~~~~~
In file included from ../../proc_test_bsp/ps7_cortexa9_0/include/xgpio.h:135:0,
                 from ../src/LED_test_new.c:34:
../src/LED_test_new.c: In function 'SWInOut':
../../proc_test_bsp/ps7_cortexa9_0/include/xstatus.h:65:41: warning: 'return' with a value, in function returning void
 #define XST_FAILURE                     1L
                                         ^
../src/LED_test_new.c:112:11: note: in expansion of macro 'XST_FAILURE'
    return XST_FAILURE;
           ^~~~~~~~~~~
../src/LED_test_new.c:102:6: note: declared here
 void SWInOut()
      ^~~~~~~
In file included from ../../proc_test_bsp/ps7_cortexa9_0/include/xgpio.h:135:0,
                 from ../src/LED_test_new.c:34:
../src/LED_test_new.c: In function 'RGBInOut':
../../proc_test_bsp/ps7_cortexa9_0/include/xstatus.h:65:41: warning: 'return' with a value, in function returning void
 #define XST_FAILURE                     1L
                                         ^
../src/LED_test_new.c:136:11: note: in expansion of macro 'XST_FAILURE'
    return XST_FAILURE;
           ^~~~~~~~~~~
../src/LED_test_new.c:126:6: note: declared here
 void RGBInOut()
      ^~~~~~~~
../src/LED_test_new.c: In function 'main':
../src/LED_test_new.c:158:2: warning: implicit declaration of function 'LEDsOutput'; did you mean 'LEDsInOut'? [-Wimplicit-function-declaration]
  LEDsOutput(3); // change 3 on integer
  ^~~~~~~~~~
  LEDsInOut
../src/LED_test_new.c:160:38: warning: unused variable 'sw_data' [-Wunused-variable]
  int btns_data, leds_data, rgb_data, sw_data;
                                      ^~~~~~~
../src/LED_test_new.c:160:28: warning: unused variable 'rgb_data' [-Wunused-variable]
  int btns_data, leds_data, rgb_data, sw_data;
                            ^~~~~~~~
../src/LED_test_new.c:160:17: warning: unused variable 'leds_data' [-Wunused-variable]
  int btns_data, leds_data, rgb_data, sw_data;
                 ^~~~~~~~~
../src/LED_test_new.c:160:6: warning: unused variable 'btns_data' [-Wunused-variable]
  int btns_data, leds_data, rgb_data, sw_data;
      ^~~~~~~~~
'Finished building: ../src/LED_test_new.c'
' '
'Building target: proc_test.elf'
'Invoking: ARM v7 gcc linker'
arm-none-eabi-gcc -mcpu=cortex-a9 -mfpu=vfpv3 -mfloat-abi=hard -Wl,-build-id=none -specs=Xilinx.spec -Wl,-T -Wl,../src/lscript.ld -L../../proc_test_bsp/ps7_cortexa9_0/lib -o "proc_test.elf"  ./src/LED_test_new.o   -Wl,--start-group,-lxil,-lgcc,-lc,--end-group
./src/LED_test_new.o: In function `main':
C:\Users\User.1\Desktop\Work\Zybo-Z7-10-HDMI\proj\test_proc\test_proc.sdk\proc_test\Debug/../src/LED_test_new.c:158: undefined reference to `LEDsOutput'
collect2.exe: error: ld returned 1 exit status
make: *** [proc_test.elf] Ошибка 1
18:49:54 **** Auto Build of configuration Debug for project proc_test ****
make pre-build main-build 
a9-linaro-pre-build-step
' '
'Building file: ../src/LED_test_new.c'
'Invoking: ARM v7 gcc compiler'
arm-none-eabi-gcc -Wall -O0 -g3 -c -fmessage-length=0 -MT"src/LED_test_new.o" -mcpu=cortex-a9 -mfpu=vfpv3 -mfloat-abi=hard -I../../proc_test_bsp/ps7_cortexa9_0/include -MMD -MP -MF"src/LED_test_new.d" -MT"src/LED_test_new.o" -o "src/LED_test_new.o" "../src/LED_test_new.c"
In file included from ../../proc_test_bsp/ps7_cortexa9_0/include/xgpio.h:135:0,
                 from ../src/LED_test_new.c:25:
../src/LED_test_new.c: In function 'LEDsInOut':
../../proc_test_bsp/ps7_cortexa9_0/include/xstatus.h:65:41: warning: 'return' with a value, in function returning void
 #define XST_FAILURE                     1L
                                         ^
../src/LED_test_new.c:54:11: note: in expansion of macro 'XST_FAILURE'
    return XST_FAILURE;
           ^~~~~~~~~~~
../src/LED_test_new.c:43:6: note: declared here
 void LEDsInOut()
      ^~~~~~~~~
In file included from ../../proc_test_bsp/ps7_cortexa9_0/include/xgpio.h:135:0,
                 from ../src/LED_test_new.c:25:
../src/LED_test_new.c: In function 'BTNsInOut':
../../proc_test_bsp/ps7_cortexa9_0/include/xstatus.h:65:41: warning: 'return' with a value, in function returning void
 #define XST_FAILURE                     1L
                                         ^
../src/LED_test_new.c:78:11: note: in expansion of macro 'XST_FAILURE'
    return XST_FAILURE;
           ^~~~~~~~~~~
../src/LED_test_new.c:68:6: note: declared here
 void BTNsInOut()
      ^~~~~~~~~
In file included from ../../proc_test_bsp/ps7_cortexa9_0/include/xgpio.h:135:0,
                 from ../src/LED_test_new.c:25:
../src/LED_test_new.c: In function 'SWInOut':
../../proc_test_bsp/ps7_cortexa9_0/include/xstatus.h:65:41: warning: 'return' with a value, in function returning void
 #define XST_FAILURE                     1L
                                         ^
../src/LED_test_new.c:103:11: note: in expansion of macro 'XST_FAILURE'
    return XST_FAILURE;
           ^~~~~~~~~~~
../src/LED_test_new.c:93:6: note: declared here
 void SWInOut()
      ^~~~~~~
In file included from ../../proc_test_bsp/ps7_cortexa9_0/include/xgpio.h:135:0,
                 from ../src/LED_test_new.c:25:
../src/LED_test_new.c: In function 'RGBInOut':
../../proc_test_bsp/ps7_cortexa9_0/include/xstatus.h:65:41: warning: 'return' with a value, in function returning void
 #define XST_FAILURE                     1L
                                         ^
../src/LED_test_new.c:127:11: note: in expansion of macro 'XST_FAILURE'
    return XST_FAILURE;
           ^~~~~~~~~~~
../src/LED_test_new.c:117:6: note: declared here
 void RGBInOut()
      ^~~~~~~~
../src/LED_test_new.c: In function 'main':
../src/LED_test_new.c:149:2: warning: implicit declaration of function 'LEDsOutput'; did you mean 'LEDsInOut'? [-Wimplicit-function-declaration]
  LEDsOutput(3); // change 3 on integer
  ^~~~~~~~~~
  LEDsInOut
../src/LED_test_new.c:151:38: warning: unused variable 'sw_data' [-Wunused-variable]
  int btns_data, leds_data, rgb_data, sw_data;
                                      ^~~~~~~
../src/LED_test_new.c:151:28: warning: unused variable 'rgb_data' [-Wunused-variable]
  int btns_data, leds_data, rgb_data, sw_data;
                            ^~~~~~~~
../src/LED_test_new.c:151:17: warning: unused variable 'leds_data' [-Wunused-variable]
  int btns_data, leds_data, rgb_data, sw_data;
                 ^~~~~~~~~
../src/LED_test_new.c:151:6: warning: unused variable 'btns_data' [-Wunused-variable]
  int btns_data, leds_data, rgb_data, sw_data;
      ^~~~~~~~~
'Finished building: ../src/LED_test_new.c'
' '
'Building target: proc_test.elf'
'Invoking: ARM v7 gcc linker'
arm-none-eabi-gcc -mcpu=cortex-a9 -mfpu=vfpv3 -mfloat-abi=hard -Wl,-build-id=none -specs=Xilinx.spec -Wl,-T -Wl,../src/lscript.ld -L../../proc_test_bsp/ps7_cortexa9_0/lib -o "proc_test.elf"  ./src/LED_test_new.o   -Wl,--start-group,-lxil,-lgcc,-lc,--end-group
./src/LED_test_new.o: In function `main':
C:\Users\User.1\Desktop\Work\Zybo-Z7-10-HDMI\proj\test_proc\test_proc.sdk\proc_test\Debug/../src/LED_test_new.c:149: undefined reference to `LEDsOutput'
collect2.exe: error: ld returned 1 exit status
make: *** [proc_test.elf] Ошибка 1
18:50:30 **** Auto Build of configuration Debug for project proc_test ****
make pre-build main-build 
a9-linaro-pre-build-step
' '
'Building file: ../src/LED_test_new.c'
'Invoking: ARM v7 gcc compiler'
arm-none-eabi-gcc -Wall -O0 -g3 -c -fmessage-length=0 -MT"src/LED_test_new.o" -mcpu=cortex-a9 -mfpu=vfpv3 -mfloat-abi=hard -I../../proc_test_bsp/ps7_cortexa9_0/include -MMD -MP -MF"src/LED_test_new.d" -MT"src/LED_test_new.o" -o "src/LED_test_new.o" "../src/LED_test_new.c"
In file included from ../../proc_test_bsp/ps7_cortexa9_0/include/xgpio.h:135:0,
                 from ../src/LED_test_new.c:25:
../src/LED_test_new.c: In function 'LEDsInOut':
../../proc_test_bsp/ps7_cortexa9_0/include/xstatus.h:65:41: warning: 'return' with a value, in function returning void
 #define XST_FAILURE                     1L
                                         ^
../src/LED_test_new.c:54:11: note: in expansion of macro 'XST_FAILURE'
    return XST_FAILURE;
           ^~~~~~~~~~~
../src/LED_test_new.c:43:6: note: declared here
 void LEDsInOut()
      ^~~~~~~~~
In file included from ../../proc_test_bsp/ps7_cortexa9_0/include/xgpio.h:135:0,
                 from ../src/LED_test_new.c:25:
../src/LED_test_new.c: In function 'BTNsInOut':
../../proc_test_bsp/ps7_cortexa9_0/include/xstatus.h:65:41: warning: 'return' with a value, in function returning void
 #define XST_FAILURE                     1L
                                         ^
../src/LED_test_new.c:78:11: note: in expansion of macro 'XST_FAILURE'
    return XST_FAILURE;
           ^~~~~~~~~~~
../src/LED_test_new.c:68:6: note: declared here
 void BTNsInOut()
      ^~~~~~~~~
In file included from ../../proc_test_bsp/ps7_cortexa9_0/include/xgpio.h:135:0,
                 from ../src/LED_test_new.c:25:
../src/LED_test_new.c: In function 'SWInOut':
../../proc_test_bsp/ps7_cortexa9_0/include/xstatus.h:65:41: warning: 'return' with a value, in function returning void
 #define XST_FAILURE                     1L
                                         ^
../src/LED_test_new.c:103:11: note: in expansion of macro 'XST_FAILURE'
    return XST_FAILURE;
           ^~~~~~~~~~~
../src/LED_test_new.c:93:6: note: declared here
 void SWInOut()
      ^~~~~~~
In file included from ../../proc_test_bsp/ps7_cortexa9_0/include/xgpio.h:135:0,
                 from ../src/LED_test_new.c:25:
../src/LED_test_new.c: In function 'RGBInOut':
../../proc_test_bsp/ps7_cortexa9_0/include/xstatus.h:65:41: warning: 'return' with a value, in function returning void
 #define XST_FAILURE                     1L
                                         ^
../src/LED_test_new.c:127:11: note: in expansion of macro 'XST_FAILURE'
    return XST_FAILURE;
           ^~~~~~~~~~~
../src/LED_test_new.c:117:6: note: declared here
 void RGBInOut()
      ^~~~~~~~
'Finished building: ../src/LED_test_new.c'
' '
'Building target: proc_test.elf'
'Invoking: ARM v7 gcc linker'
arm-none-eabi-gcc -mcpu=cortex-a9 -mfpu=vfpv3 -mfloat-abi=hard -Wl,-build-id=none -specs=Xilinx.spec -Wl,-T -Wl,../src/lscript.ld -L../../proc_test_bsp/ps7_cortexa9_0/lib -o "proc_test.elf"  ./src/LED_test_new.o   -Wl,--start-group,-lxil,-lgcc,-lc,--end-group
'Finished building target: proc_test.elf'
' '
'Invoking: ARM v7 Print Size'
arm-none-eabi-size proc_test.elf  |tee "proc_test.elf.size"
   text	   data	    bss	    dec	    hex	filename
  20864	   1208	  22600	  44672	   ae80	proc_test.elf
'Finished building: proc_test.elf.size'
' '
18:52:18 **** Incremental Build of configuration Debug for project proc_test ****
make pre-build main-build 
a9-linaro-pre-build-step
' '
make: Цель `main-build' не требует выполнения команд.
18:54:56 **** Incremental Build of configuration Debug for project proc_test ****
make pre-build main-build 
a9-linaro-pre-build-step
' '
make: Цель `main-build' не требует выполнения команд.
19:15:33 **** Auto Build of configuration Debug for project proc_test ****
make pre-build main-build 
a9-linaro-pre-build-step
' '
'Building file: ../src/LED_test_new.c'
'Invoking: ARM v7 gcc compiler'
arm-none-eabi-gcc -Wall -O0 -g3 -c -fmessage-length=0 -MT"src/LED_test_new.o" -mcpu=cortex-a9 -mfpu=vfpv3 -mfloat-abi=hard -I../../proc_test_bsp/ps7_cortexa9_0/include -MMD -MP -MF"src/LED_test_new.d" -MT"src/LED_test_new.o" -o "src/LED_test_new.o" "../src/LED_test_new.c"
In file included from ../../proc_test_bsp/ps7_cortexa9_0/include/xgpio.h:135:0,
                 from ../src/LED_test_new.c:17:
../src/LED_test_new.c: In function 'LEDsInOut':
../../proc_test_bsp/ps7_cortexa9_0/include/xstatus.h:65:41: warning: 'return' with a value, in function returning void
 #define XST_FAILURE                     1L
                                         ^
../src/LED_test_new.c:47:11: note: in expansion of macro 'XST_FAILURE'
    return XST_FAILURE;
           ^~~~~~~~~~~
../src/LED_test_new.c:36:6: note: declared here
 void LEDsInOut()
      ^~~~~~~~~
In file included from ../../proc_test_bsp/ps7_cortexa9_0/include/xgpio.h:135:0,
                 from ../src/LED_test_new.c:17:
../src/LED_test_new.c: In function 'BTNsInOut':
../../proc_test_bsp/ps7_cortexa9_0/include/xstatus.h:65:41: warning: 'return' with a value, in function returning void
 #define XST_FAILURE                     1L
                                         ^
../src/LED_test_new.c:69:11: note: in expansion of macro 'XST_FAILURE'
    return XST_FAILURE;
           ^~~~~~~~~~~
../src/LED_test_new.c:59:6: note: declared here
 void BTNsInOut()
      ^~~~~~~~~
In file included from ../../proc_test_bsp/ps7_cortexa9_0/include/xgpio.h:135:0,
                 from ../src/LED_test_new.c:17:
../src/LED_test_new.c: In function 'SWInOut':
../../proc_test_bsp/ps7_cortexa9_0/include/xstatus.h:65:41: warning: 'return' with a value, in function returning void
 #define XST_FAILURE                     1L
                                         ^
../src/LED_test_new.c:94:11: note: in expansion of macro 'XST_FAILURE'
    return XST_FAILURE;
           ^~~~~~~~~~~
../src/LED_test_new.c:84:6: note: declared here
 void SWInOut()
      ^~~~~~~
In file included from ../../proc_test_bsp/ps7_cortexa9_0/include/xgpio.h:135:0,
                 from ../src/LED_test_new.c:17:
../src/LED_test_new.c: In function 'RGBInOut':
../../proc_test_bsp/ps7_cortexa9_0/include/xstatus.h:65:41: warning: 'return' with a value, in function returning void
 #define XST_FAILURE                     1L
                                         ^
../src/LED_test_new.c:118:11: note: in expansion of macro 'XST_FAILURE'
    return XST_FAILURE;
           ^~~~~~~~~~~
../src/LED_test_new.c:108:6: note: declared here
 void RGBInOut()
      ^~~~~~~~
'Finished building: ../src/LED_test_new.c'
' '
'Building target: proc_test.elf'
'Invoking: ARM v7 gcc linker'
arm-none-eabi-gcc -mcpu=cortex-a9 -mfpu=vfpv3 -mfloat-abi=hard -Wl,-build-id=none -specs=Xilinx.spec -Wl,-T -Wl,../src/lscript.ld -L../../proc_test_bsp/ps7_cortexa9_0/lib -o "proc_test.elf"  ./src/LED_test_new.o   -Wl,--start-group,-lxil,-lgcc,-lc,--end-group
'Finished building target: proc_test.elf'
' '
'Invoking: ARM v7 Print Size'
arm-none-eabi-size proc_test.elf  |tee "proc_test.elf.size"
   text	   data	    bss	    dec	    hex	filename
  20864	   1208	  22600	  44672	   ae80	proc_test.elf
'Finished building: proc_test.elf.size'
' '
