19:15:33 **** Auto Build of configuration Debug for project proc_test ****
make pre-build main-build 
a9-linaro-pre-build-step
' '
'Building file: ../src/LED_test_new.c'
'Invoking: ARM v7 gcc compiler'
arm-none-eabi-gcc -Wall -O0 -g3 -c -fmessage-length=0 -MT"src/LED_test_new.o" -mcpu=cortex-a9 -mfpu=vfpv3 -mfloat-abi=hard -I../../proc_test_bsp/ps7_cortexa9_0/include -MMD -MP -MF"src/LED_test_new.d" -MT"src/LED_test_new.o" -o "src/LED_test_new.o" "../src/LED_test_new.c"
In file included from ../../proc_test_bsp/ps7_cortexa9_0/include/xgpio.h:135:0,
                 from ../src/LED_test_new.c:17:
../src/LED_test_new.c: In function 'LEDsInOut':
../../proc_test_bsp/ps7_cortexa9_0/include/xstatus.h:65:41: warning: 'return' with a value, in function returning void
 #define XST_FAILURE                     1L
                                         ^
../src/LED_test_new.c:47:11: note: in expansion of macro 'XST_FAILURE'
    return XST_FAILURE;
           ^~~~~~~~~~~
../src/LED_test_new.c:36:6: note: declared here
 void LEDsInOut()
      ^~~~~~~~~
In file included from ../../proc_test_bsp/ps7_cortexa9_0/include/xgpio.h:135:0,
                 from ../src/LED_test_new.c:17:
../src/LED_test_new.c: In function 'BTNsInOut':
../../proc_test_bsp/ps7_cortexa9_0/include/xstatus.h:65:41: warning: 'return' with a value, in function returning void
 #define XST_FAILURE                     1L
                                         ^
../src/LED_test_new.c:69:11: note: in expansion of macro 'XST_FAILURE'
    return XST_FAILURE;
           ^~~~~~~~~~~
../src/LED_test_new.c:59:6: note: declared here
 void BTNsInOut()
      ^~~~~~~~~
In file included from ../../proc_test_bsp/ps7_cortexa9_0/include/xgpio.h:135:0,
                 from ../src/LED_test_new.c:17:
../src/LED_test_new.c: In function 'SWInOut':
../../proc_test_bsp/ps7_cortexa9_0/include/xstatus.h:65:41: warning: 'return' with a value, in function returning void
 #define XST_FAILURE                     1L
                                         ^
../src/LED_test_new.c:94:11: note: in expansion of macro 'XST_FAILURE'
    return XST_FAILURE;
           ^~~~~~~~~~~
../src/LED_test_new.c:84:6: note: declared here
 void SWInOut()
      ^~~~~~~
In file included from ../../proc_test_bsp/ps7_cortexa9_0/include/xgpio.h:135:0,
                 from ../src/LED_test_new.c:17:
../src/LED_test_new.c: In function 'RGBInOut':
../../proc_test_bsp/ps7_cortexa9_0/include/xstatus.h:65:41: warning: 'return' with a value, in function returning void
 #define XST_FAILURE                     1L
                                         ^
../src/LED_test_new.c:118:11: note: in expansion of macro 'XST_FAILURE'
    return XST_FAILURE;
           ^~~~~~~~~~~
../src/LED_test_new.c:108:6: note: declared here
 void RGBInOut()
      ^~~~~~~~
'Finished building: ../src/LED_test_new.c'
' '
'Building target: proc_test.elf'
'Invoking: ARM v7 gcc linker'
arm-none-eabi-gcc -mcpu=cortex-a9 -mfpu=vfpv3 -mfloat-abi=hard -Wl,-build-id=none -specs=Xilinx.spec -Wl,-T -Wl,../src/lscript.ld -L../../proc_test_bsp/ps7_cortexa9_0/lib -o "proc_test.elf"  ./src/LED_test_new.o   -Wl,--start-group,-lxil,-lgcc,-lc,--end-group
'Finished building target: proc_test.elf'
' '
'Invoking: ARM v7 Print Size'
arm-none-eabi-size proc_test.elf  |tee "proc_test.elf.size"
   text	   data	    bss	    dec	    hex	filename
  20864	   1208	  22600	  44672	   ae80	proc_test.elf
'Finished building: proc_test.elf.size'
' '

19:15:35 Build Finished (took 2s.762ms)

